2022-10-22 17:08:37.858  INFO 12236 --- [restartedMain] c.a.employee.EmployeeProjectApplication  : Starting EmployeeProjectApplication using Java 17.0.4.1 on Aakash-PC with PID 12236 (E:\Spring Project\EmployeeProject\target\classes started by Aakash-PC in E:\Spring Project\EmployeeProject)
2022-10-22 17:08:37.859  INFO 12236 --- [restartedMain] c.a.employee.EmployeeProjectApplication  : No active profile set, falling back to 1 default profile: "default"
2022-10-22 17:08:38.134  INFO 12236 --- [restartedMain] .s.d.r.c.RepositoryConfigurationDelegate : Bootstrapping Spring Data JPA repositories in DEFAULT mode.
2022-10-22 17:08:38.142  INFO 12236 --- [restartedMain] .s.d.r.c.RepositoryConfigurationDelegate : Finished Spring Data repository scanning in 7 ms. Found 1 JPA repository interfaces.
2022-10-22 17:08:38.252  INFO 12236 --- [restartedMain] o.s.b.w.embedded.tomcat.TomcatWebServer  : Tomcat initialized with port(s): 8082 (http)
2022-10-22 17:08:38.253  INFO 12236 --- [restartedMain] o.apache.catalina.core.StandardService   : Starting service [Tomcat]
2022-10-22 17:08:38.254  INFO 12236 --- [restartedMain] org.apache.catalina.core.StandardEngine  : Starting Servlet engine: [Apache Tomcat/9.0.65]
2022-10-22 17:08:38.278  INFO 12236 --- [restartedMain] o.a.c.c.C.[Tomcat].[localhost].[/]       : Initializing Spring embedded WebApplicationContext
2022-10-22 17:08:38.279  INFO 12236 --- [restartedMain] w.s.c.ServletWebServerApplicationContext : Root WebApplicationContext: initialization completed in 418 ms
2022-10-22 17:08:38.294  INFO 12236 --- [restartedMain] com.zaxxer.hikari.HikariDataSource       : Employee - Starting...
2022-10-22 17:08:38.297  INFO 12236 --- [restartedMain] com.zaxxer.hikari.HikariDataSource       : Employee - Start completed.
2022-10-22 17:08:38.298  INFO 12236 --- [restartedMain] o.s.b.a.h2.H2ConsoleAutoConfiguration    : H2 console available at '/h2-console'. Database available at 'jdbc:h2:mem:employee'
2022-10-22 17:08:38.321  INFO 12236 --- [restartedMain] o.f.c.internal.license.VersionPrinter    : Flyway Community Edition 8.0.5 by Redgate
2022-10-22 17:08:38.321  INFO 12236 --- [restartedMain] o.f.c.i.database.base.BaseDatabaseType   : Database: jdbc:h2:mem:employee (H2 1.4)
2022-10-22 17:08:38.334  INFO 12236 --- [restartedMain] o.f.core.internal.command.DbValidate     : Successfully validated 1 migration (execution time 00:00.006s)
2022-10-22 17:08:38.348  INFO 12236 --- [restartedMain] o.f.c.i.s.JdbcTableSchemaHistory         : Creating Schema History table "PUBLIC"."flyway_schema_history" ...
2022-10-22 17:08:38.364  INFO 12236 --- [restartedMain] o.f.core.internal.command.DbMigrate      : Current version of schema "PUBLIC": << Empty Schema >>
2022-10-22 17:08:38.367  INFO 12236 --- [restartedMain] o.f.core.internal.command.DbMigrate      : Migrating schema "PUBLIC" to version "1 - Employee table"
2022-10-22 17:08:38.384  INFO 12236 --- [restartedMain] o.f.core.internal.command.DbMigrate      : Successfully applied 1 migration to schema "PUBLIC", now at version v1 (execution time 00:00.024s)
2022-10-22 17:08:38.413  INFO 12236 --- [restartedMain] o.hibernate.jpa.internal.util.LogHelper  : HHH000204: Processing PersistenceUnitInfo [name: default]
2022-10-22 17:08:38.418  INFO 12236 --- [restartedMain] org.hibernate.dialect.Dialect            : HHH000400: Using dialect: org.hibernate.dialect.H2Dialect
2022-10-22 17:08:38.450  INFO 12236 --- [restartedMain] o.h.e.t.j.p.i.JtaPlatformInitiator       : HHH000490: Using JtaPlatform implementation: [org.hibernate.engine.transaction.jta.platform.internal.NoJtaPlatform]
2022-10-22 17:08:38.451  INFO 12236 --- [restartedMain] j.LocalContainerEntityManagerFactoryBean : Initialized JPA EntityManagerFactory for persistence unit 'default'
2022-10-22 17:08:38.589  WARN 12236 --- [restartedMain] JpaBaseConfiguration$JpaWebConfiguration : spring.jpa.open-in-view is enabled by default. Therefore, database queries may be performed during view rendering. Explicitly configure spring.jpa.open-in-view to disable this warning
2022-10-22 17:08:38.656  INFO 12236 --- [restartedMain] o.s.b.d.a.OptionalLiveReloadServer       : LiveReload server is running on port 35729
2022-10-22 17:08:38.759  INFO 12236 --- [restartedMain] o.s.b.w.embedded.tomcat.TomcatWebServer  : Tomcat started on port(s): 8082 (http) with context path ''
2022-10-22 17:08:38.760  INFO 12236 --- [restartedMain] d.s.w.p.DocumentationPluginsBootstrapper : Context refreshed
2022-10-22 17:08:38.761  INFO 12236 --- [restartedMain] d.s.w.p.DocumentationPluginsBootstrapper : Found 1 custom documentation plugin(s)
2022-10-22 17:08:38.764  INFO 12236 --- [restartedMain] s.d.s.w.s.ApiListingReferenceScanner     : Scanning for api listing references
2022-10-22 17:08:38.853  INFO 12236 --- [restartedMain] c.a.employee.EmployeeProjectApplication  : Started EmployeeProjectApplication in 1.044 seconds (JVM running for 36.084)
2022-10-22 17:08:38.856  INFO 12236 --- [restartedMain] .ConditionEvaluationDeltaLoggingListener : Condition evaluation unchanged
2022-10-22 17:09:05.570  INFO 12236 --- [RMI TCP Connection(4)-127.0.0.1] inMXBeanRegistrar$SpringApplicationAdmin : Application shutdown requested.
2022-10-22 17:09:05.588  INFO 12236 --- [RMI TCP Connection(4)-127.0.0.1] o.apache.catalina.core.StandardService   : Stopping service [Tomcat]
2022-10-22 17:09:05.594  INFO 12236 --- [RMI TCP Connection(4)-127.0.0.1] j.LocalContainerEntityManagerFactoryBean : Closing JPA EntityManagerFactory for persistence unit 'default'
2022-10-22 17:09:05.797  WARN 12236 --- [RMI TCP Connection(4)-127.0.0.1] o.s.b.f.support.DisposableBeanAdapter    : Invocation of destroy method failed on bean with name 'inMemoryDatabaseShutdownExecutor': org.h2.jdbc.JdbcSQLNonTransientConnectionException: Database is already closed (to disable automatic closing at VM shutdown, add ";DB_CLOSE_ON_EXIT=FALSE" to the db URL) [90121-200]
2022-10-22 17:09:05.797  INFO 12236 --- [RMI TCP Connection(4)-127.0.0.1] com.zaxxer.hikari.HikariDataSource       : Employee - Shutdown initiated...
2022-10-22 17:09:05.850  INFO 12236 --- [RMI TCP Connection(4)-127.0.0.1] com.zaxxer.hikari.HikariDataSource       : Employee - Shutdown completed.
2022-10-22 17:09:08.426  INFO 9968 --- [restartedMain] c.a.employee.EmployeeProjectApplication  : Starting EmployeeProjectApplication using Java 17.0.4.1 on Aakash-PC with PID 9968 (E:\Spring Project\EmployeeProject\target\classes started by Aakash-PC in E:\Spring Project\EmployeeProject)
2022-10-22 17:09:08.427  INFO 9968 --- [restartedMain] c.a.employee.EmployeeProjectApplication  : No active profile set, falling back to 1 default profile: "default"
2022-10-22 17:09:08.503  INFO 9968 --- [restartedMain] .e.DevToolsPropertyDefaultsPostProcessor : Devtools property defaults active! Set 'spring.devtools.add-properties' to 'false' to disable
2022-10-22 17:09:08.504  INFO 9968 --- [restartedMain] .e.DevToolsPropertyDefaultsPostProcessor : For additional web related logging consider setting the 'logging.level.web' property to 'DEBUG'
2022-10-22 17:09:09.294  INFO 9968 --- [restartedMain] .s.d.r.c.RepositoryConfigurationDelegate : Bootstrapping Spring Data JPA repositories in DEFAULT mode.
2022-10-22 17:09:09.345  INFO 9968 --- [restartedMain] .s.d.r.c.RepositoryConfigurationDelegate : Finished Spring Data repository scanning in 41 ms. Found 1 JPA repository interfaces.
2022-10-22 17:09:09.946  INFO 9968 --- [restartedMain] o.s.b.w.embedded.tomcat.TomcatWebServer  : Tomcat initialized with port(s): 8082 (http)
2022-10-22 17:09:09.957  INFO 9968 --- [restartedMain] o.apache.catalina.core.StandardService   : Starting service [Tomcat]
2022-10-22 17:09:09.958  INFO 9968 --- [restartedMain] org.apache.catalina.core.StandardEngine  : Starting Servlet engine: [Apache Tomcat/9.0.65]
2022-10-22 17:09:10.063  INFO 9968 --- [restartedMain] o.a.c.c.C.[Tomcat].[localhost].[/]       : Initializing Spring embedded WebApplicationContext
2022-10-22 17:09:10.064  INFO 9968 --- [restartedMain] w.s.c.ServletWebServerApplicationContext : Root WebApplicationContext: initialization completed in 1560 ms
2022-10-22 17:09:10.114  INFO 9968 --- [restartedMain] com.zaxxer.hikari.HikariDataSource       : Employee - Starting...
2022-10-22 17:09:10.279  INFO 9968 --- [restartedMain] com.zaxxer.hikari.HikariDataSource       : Employee - Start completed.
2022-10-22 17:09:10.293  INFO 9968 --- [restartedMain] o.s.b.a.h2.H2ConsoleAutoConfiguration    : H2 console available at '/h2-console'. Database available at 'jdbc:h2:mem:employee'
2022-10-22 17:09:10.431  INFO 9968 --- [restartedMain] o.f.c.internal.license.VersionPrinter    : Flyway Community Edition 8.0.5 by Redgate
2022-10-22 17:09:10.432  INFO 9968 --- [restartedMain] o.f.c.i.database.base.BaseDatabaseType   : Database: jdbc:h2:mem:employee (H2 1.4)
2022-10-22 17:09:10.512  INFO 9968 --- [restartedMain] o.f.core.internal.command.DbValidate     : Successfully validated 1 migration (execution time 00:00.028s)
2022-10-22 17:09:10.536  INFO 9968 --- [restartedMain] o.f.c.i.s.JdbcTableSchemaHistory         : Creating Schema History table "PUBLIC"."flyway_schema_history" ...
2022-10-22 17:09:10.588  INFO 9968 --- [restartedMain] o.f.core.internal.command.DbMigrate      : Current version of schema "PUBLIC": << Empty Schema >>
2022-10-22 17:09:10.602  INFO 9968 --- [restartedMain] o.f.core.internal.command.DbMigrate      : Migrating schema "PUBLIC" to version "1 - Employee table"
2022-10-22 17:09:10.635  INFO 9968 --- [restartedMain] o.f.core.internal.command.DbMigrate      : Successfully applied 1 migration to schema "PUBLIC", now at version v1 (execution time 00:00.055s)
2022-10-22 17:09:10.771  INFO 9968 --- [restartedMain] o.hibernate.jpa.internal.util.LogHelper  : HHH000204: Processing PersistenceUnitInfo [name: default]
2022-10-22 17:09:10.834  INFO 9968 --- [restartedMain] org.hibernate.Version                    : HHH000412: Hibernate ORM core version 5.6.11.Final
2022-10-22 17:09:10.985  INFO 9968 --- [restartedMain] o.hibernate.annotations.common.Version   : HCANN000001: Hibernate Commons Annotations {5.1.2.Final}
2022-10-22 17:09:11.098  INFO 9968 --- [restartedMain] org.hibernate.dialect.Dialect            : HHH000400: Using dialect: org.hibernate.dialect.H2Dialect
2022-10-22 17:09:11.608  INFO 9968 --- [restartedMain] o.h.e.t.j.p.i.JtaPlatformInitiator       : HHH000490: Using JtaPlatform implementation: [org.hibernate.engine.transaction.jta.platform.internal.NoJtaPlatform]
2022-10-22 17:09:11.619  INFO 9968 --- [restartedMain] j.LocalContainerEntityManagerFactoryBean : Initialized JPA EntityManagerFactory for persistence unit 'default'
2022-10-22 17:09:12.157  WARN 9968 --- [restartedMain] JpaBaseConfiguration$JpaWebConfiguration : spring.jpa.open-in-view is enabled by default. Therefore, database queries may be performed during view rendering. Explicitly configure spring.jpa.open-in-view to disable this warning
2022-10-22 17:09:12.377  INFO 9968 --- [restartedMain] o.s.b.d.a.OptionalLiveReloadServer       : LiveReload server is running on port 35729
2022-10-22 17:09:12.599  INFO 9968 --- [restartedMain] o.s.b.w.embedded.tomcat.TomcatWebServer  : Tomcat started on port(s): 8082 (http) with context path ''
2022-10-22 17:09:12.600  INFO 9968 --- [restartedMain] d.s.w.p.DocumentationPluginsBootstrapper : Context refreshed
2022-10-22 17:09:12.624  INFO 9968 --- [restartedMain] d.s.w.p.DocumentationPluginsBootstrapper : Found 1 custom documentation plugin(s)
2022-10-22 17:09:12.636  INFO 9968 --- [restartedMain] s.d.s.w.s.ApiListingReferenceScanner     : Scanning for api listing references
2022-10-22 17:09:12.843  INFO 9968 --- [restartedMain] c.a.employee.EmployeeProjectApplication  : Started EmployeeProjectApplication in 4.939 seconds (JVM running for 5.79)
2022-10-22 17:12:19.414  INFO 9968 --- [http-nio-8082-exec-1] o.a.c.c.C.[Tomcat].[localhost].[/]       : Initializing Spring DispatcherServlet 'dispatcherServlet'
2022-10-22 17:12:19.415  INFO 9968 --- [http-nio-8082-exec-1] o.s.web.servlet.DispatcherServlet        : Initializing Servlet 'dispatcherServlet'
2022-10-22 17:12:19.419  INFO 9968 --- [http-nio-8082-exec-1] o.s.web.servlet.DispatcherServlet        : Completed initialization in 4 ms
2022-10-22 17:12:19.449  INFO 9968 --- [http-nio-8082-exec-1] c.a.e.controller.EmployeeController      : getAllEmp Called
2022-10-22 17:12:52.286  INFO 9968 --- [http-nio-8082-exec-3] c.a.e.controller.EmployeeController      : getEmpById Called
2022-10-22 17:12:52.298 ERROR 9968 --- [http-nio-8082-exec-3] c.a.e.controller.EmployeeController      : No Data Found
2022-10-22 17:20:16.168  INFO 9968 --- [File Watcher] rtingClassPathChangeChangedEventListener : Restarting due to 1 class path change (0 additions, 0 deletions, 1 modification)
2022-10-22 17:20:16.194  INFO 9968 --- [Thread-5] o.apache.catalina.core.StandardService   : Stopping service [Tomcat]
2022-10-22 17:20:16.197  INFO 9968 --- [Thread-5] o.a.c.c.C.[Tomcat].[localhost].[/]       : Destroying Spring FrameworkServlet 'dispatcherServlet'
2022-10-22 17:20:16.207  INFO 9968 --- [Thread-5] j.LocalContainerEntityManagerFactoryBean : Closing JPA EntityManagerFactory for persistence unit 'default'
2022-10-22 17:20:16.416  WARN 9968 --- [Thread-5] o.s.b.f.support.DisposableBeanAdapter    : Invocation of destroy method failed on bean with name 'inMemoryDatabaseShutdownExecutor': org.h2.jdbc.JdbcSQLNonTransientConnectionException: Database is already closed (to disable automatic closing at VM shutdown, add ";DB_CLOSE_ON_EXIT=FALSE" to the db URL) [90121-200]
2022-10-22 17:20:16.417  INFO 9968 --- [Thread-5] com.zaxxer.hikari.HikariDataSource       : Employee - Shutdown initiated...
2022-10-22 17:20:16.420  INFO 9968 --- [Thread-5] com.zaxxer.hikari.HikariDataSource       : Employee - Shutdown completed.
2022-10-22 17:20:16.520  INFO 9968 --- [restartedMain] c.a.employee.EmployeeProjectApplication  : Starting EmployeeProjectApplication using Java 17.0.4.1 on Aakash-PC with PID 9968 (E:\Spring Project\EmployeeProject\target\classes started by Aakash-PC in E:\Spring Project\EmployeeProject)
2022-10-22 17:20:16.521  INFO 9968 --- [restartedMain] c.a.employee.EmployeeProjectApplication  : No active profile set, falling back to 1 default profile: "default"
2022-10-22 17:20:16.811  INFO 9968 --- [restartedMain] .s.d.r.c.RepositoryConfigurationDelegate : Bootstrapping Spring Data JPA repositories in DEFAULT mode.
2022-10-22 17:20:16.819  INFO 9968 --- [restartedMain] .s.d.r.c.RepositoryConfigurationDelegate : Finished Spring Data repository scanning in 7 ms. Found 1 JPA repository interfaces.
2022-10-22 17:20:16.925  INFO 9968 --- [restartedMain] o.s.b.w.embedded.tomcat.TomcatWebServer  : Tomcat initialized with port(s): 8082 (http)
2022-10-22 17:20:16.926  INFO 9968 --- [restartedMain] o.apache.catalina.core.StandardService   : Starting service [Tomcat]
2022-10-22 17:20:16.926  INFO 9968 --- [restartedMain] org.apache.catalina.core.StandardEngine  : Starting Servlet engine: [Apache Tomcat/9.0.65]
2022-10-22 17:20:16.950  INFO 9968 --- [restartedMain] o.a.c.c.C.[Tomcat].[localhost].[/]       : Initializing Spring embedded WebApplicationContext
2022-10-22 17:20:16.951  INFO 9968 --- [restartedMain] w.s.c.ServletWebServerApplicationContext : Root WebApplicationContext: initialization completed in 427 ms
2022-10-22 17:20:16.967  INFO 9968 --- [restartedMain] com.zaxxer.hikari.HikariDataSource       : Employee - Starting...
2022-10-22 17:20:16.969  INFO 9968 --- [restartedMain] com.zaxxer.hikari.HikariDataSource       : Employee - Start completed.
2022-10-22 17:20:16.969  INFO 9968 --- [restartedMain] o.s.b.a.h2.H2ConsoleAutoConfiguration    : H2 console available at '/h2-console'. Database available at 'jdbc:h2:mem:employee'
2022-10-22 17:20:16.993  INFO 9968 --- [restartedMain] o.f.c.internal.license.VersionPrinter    : Flyway Community Edition 8.0.5 by Redgate
2022-10-22 17:20:16.993  INFO 9968 --- [restartedMain] o.f.c.i.database.base.BaseDatabaseType   : Database: jdbc:h2:mem:employee (H2 1.4)
2022-10-22 17:20:17.001  INFO 9968 --- [restartedMain] o.f.core.internal.command.DbValidate     : Successfully validated 1 migration (execution time 00:00.004s)
2022-10-22 17:20:17.007  INFO 9968 --- [restartedMain] o.f.c.i.s.JdbcTableSchemaHistory         : Creating Schema History table "PUBLIC"."flyway_schema_history" ...
2022-10-22 17:20:17.022  INFO 9968 --- [restartedMain] o.f.core.internal.command.DbMigrate      : Current version of schema "PUBLIC": << Empty Schema >>
2022-10-22 17:20:17.026  INFO 9968 --- [restartedMain] o.f.core.internal.command.DbMigrate      : Migrating schema "PUBLIC" to version "1 - Employee table"
2022-10-22 17:20:17.047  INFO 9968 --- [restartedMain] o.f.core.internal.command.DbMigrate      : Successfully applied 1 migration to schema "PUBLIC", now at version v1 (execution time 00:00.028s)
2022-10-22 17:20:17.080  INFO 9968 --- [restartedMain] o.hibernate.jpa.internal.util.LogHelper  : HHH000204: Processing PersistenceUnitInfo [name: default]
2022-10-22 17:20:17.086  INFO 9968 --- [restartedMain] org.hibernate.dialect.Dialect            : HHH000400: Using dialect: org.hibernate.dialect.H2Dialect
2022-10-22 17:20:17.119  INFO 9968 --- [restartedMain] o.h.e.t.j.p.i.JtaPlatformInitiator       : HHH000490: Using JtaPlatform implementation: [org.hibernate.engine.transaction.jta.platform.internal.NoJtaPlatform]
2022-10-22 17:20:17.119  INFO 9968 --- [restartedMain] j.LocalContainerEntityManagerFactoryBean : Initialized JPA EntityManagerFactory for persistence unit 'default'
2022-10-22 17:20:17.257  WARN 9968 --- [restartedMain] JpaBaseConfiguration$JpaWebConfiguration : spring.jpa.open-in-view is enabled by default. Therefore, database queries may be performed during view rendering. Explicitly configure spring.jpa.open-in-view to disable this warning
2022-10-22 17:20:17.314  INFO 9968 --- [restartedMain] o.s.b.d.a.OptionalLiveReloadServer       : LiveReload server is running on port 35729
2022-10-22 17:20:17.397  INFO 9968 --- [restartedMain] o.s.b.w.embedded.tomcat.TomcatWebServer  : Tomcat started on port(s): 8082 (http) with context path ''
2022-10-22 17:20:17.398  INFO 9968 --- [restartedMain] d.s.w.p.DocumentationPluginsBootstrapper : Context refreshed
2022-10-22 17:20:17.399  INFO 9968 --- [restartedMain] d.s.w.p.DocumentationPluginsBootstrapper : Found 1 custom documentation plugin(s)
2022-10-22 17:20:17.402  INFO 9968 --- [restartedMain] s.d.s.w.s.ApiListingReferenceScanner     : Scanning for api listing references
2022-10-22 17:20:17.481  INFO 9968 --- [restartedMain] c.a.employee.EmployeeProjectApplication  : Started EmployeeProjectApplication in 1.001 seconds (JVM running for 670.428)
2022-10-22 17:20:17.483  INFO 9968 --- [restartedMain] .ConditionEvaluationDeltaLoggingListener : Condition evaluation unchanged
2022-10-22 17:22:37.345  INFO 9968 --- [File Watcher] rtingClassPathChangeChangedEventListener : Restarting due to 1 class path change (0 additions, 0 deletions, 1 modification)
2022-10-22 17:22:37.364  INFO 9968 --- [Thread-8] o.apache.catalina.core.StandardService   : Stopping service [Tomcat]
2022-10-22 17:22:37.369  INFO 9968 --- [Thread-8] j.LocalContainerEntityManagerFactoryBean : Closing JPA EntityManagerFactory for persistence unit 'default'
2022-10-22 17:22:37.575  WARN 9968 --- [Thread-8] o.s.b.f.support.DisposableBeanAdapter    : Invocation of destroy method failed on bean with name 'inMemoryDatabaseShutdownExecutor': org.h2.jdbc.JdbcSQLNonTransientConnectionException: Database is already closed (to disable automatic closing at VM shutdown, add ";DB_CLOSE_ON_EXIT=FALSE" to the db URL) [90121-200]
2022-10-22 17:22:37.576  INFO 9968 --- [Thread-8] com.zaxxer.hikari.HikariDataSource       : Employee - Shutdown initiated...
2022-10-22 17:22:37.577  INFO 9968 --- [Thread-8] com.zaxxer.hikari.HikariDataSource       : Employee - Shutdown completed.
2022-10-22 17:22:37.670  INFO 9968 --- [restartedMain] c.a.employee.EmployeeProjectApplication  : Starting EmployeeProjectApplication using Java 17.0.4.1 on Aakash-PC with PID 9968 (E:\Spring Project\EmployeeProject\target\classes started by Aakash-PC in E:\Spring Project\EmployeeProject)
2022-10-22 17:22:37.671  INFO 9968 --- [restartedMain] c.a.employee.EmployeeProjectApplication  : No active profile set, falling back to 1 default profile: "default"
2022-10-22 17:22:37.922  INFO 9968 --- [restartedMain] .s.d.r.c.RepositoryConfigurationDelegate : Bootstrapping Spring Data JPA repositories in DEFAULT mode.
2022-10-22 17:22:37.930  INFO 9968 --- [restartedMain] .s.d.r.c.RepositoryConfigurationDelegate : Finished Spring Data repository scanning in 8 ms. Found 1 JPA repository interfaces.
2022-10-22 17:22:38.027  INFO 9968 --- [restartedMain] o.s.b.w.embedded.tomcat.TomcatWebServer  : Tomcat initialized with port(s): 8082 (http)
2022-10-22 17:22:38.028  INFO 9968 --- [restartedMain] o.apache.catalina.core.StandardService   : Starting service [Tomcat]
2022-10-22 17:22:38.029  INFO 9968 --- [restartedMain] org.apache.catalina.core.StandardEngine  : Starting Servlet engine: [Apache Tomcat/9.0.65]
2022-10-22 17:22:38.052  INFO 9968 --- [restartedMain] o.a.c.c.C.[Tomcat].[localhost].[/]       : Initializing Spring embedded WebApplicationContext
2022-10-22 17:22:38.053  INFO 9968 --- [restartedMain] w.s.c.ServletWebServerApplicationContext : Root WebApplicationContext: initialization completed in 380 ms
2022-10-22 17:22:38.066  INFO 9968 --- [restartedMain] com.zaxxer.hikari.HikariDataSource       : Employee - Starting...
2022-10-22 17:22:38.068  INFO 9968 --- [restartedMain] com.zaxxer.hikari.HikariDataSource       : Employee - Start completed.
2022-10-22 17:22:38.069  INFO 9968 --- [restartedMain] o.s.b.a.h2.H2ConsoleAutoConfiguration    : H2 console available at '/h2-console'. Database available at 'jdbc:h2:mem:employee'
2022-10-22 17:22:38.090  INFO 9968 --- [restartedMain] o.f.c.internal.license.VersionPrinter    : Flyway Community Edition 8.0.5 by Redgate
2022-10-22 17:22:38.090  INFO 9968 --- [restartedMain] o.f.c.i.database.base.BaseDatabaseType   : Database: jdbc:h2:mem:employee (H2 1.4)
2022-10-22 17:22:38.095  INFO 9968 --- [restartedMain] o.f.core.internal.command.DbValidate     : Successfully validated 1 migration (execution time 00:00.002s)
2022-10-22 17:22:38.099  INFO 9968 --- [restartedMain] o.f.c.i.s.JdbcTableSchemaHistory         : Creating Schema History table "PUBLIC"."flyway_schema_history" ...
2022-10-22 17:22:38.109  INFO 9968 --- [restartedMain] o.f.core.internal.command.DbMigrate      : Current version of schema "PUBLIC": << Empty Schema >>
2022-10-22 17:22:38.112  INFO 9968 --- [restartedMain] o.f.core.internal.command.DbMigrate      : Migrating schema "PUBLIC" to version "1 - Employee table"
2022-10-22 17:22:38.124  INFO 9968 --- [restartedMain] o.f.core.internal.command.DbMigrate      : Successfully applied 1 migration to schema "PUBLIC", now at version v1 (execution time 00:00.017s)
2022-10-22 17:22:38.139  INFO 9968 --- [restartedMain] o.hibernate.jpa.internal.util.LogHelper  : HHH000204: Processing PersistenceUnitInfo [name: default]
2022-10-22 17:22:38.145  INFO 9968 --- [restartedMain] org.hibernate.dialect.Dialect            : HHH000400: Using dialect: org.hibernate.dialect.H2Dialect
2022-10-22 17:22:38.169  INFO 9968 --- [restartedMain] o.h.e.t.j.p.i.JtaPlatformInitiator       : HHH000490: Using JtaPlatform implementation: [org.hibernate.engine.transaction.jta.platform.internal.NoJtaPlatform]
2022-10-22 17:22:38.170  INFO 9968 --- [restartedMain] j.LocalContainerEntityManagerFactoryBean : Initialized JPA EntityManagerFactory for persistence unit 'default'
2022-10-22 17:22:38.282  WARN 9968 --- [restartedMain] JpaBaseConfiguration$JpaWebConfiguration : spring.jpa.open-in-view is enabled by default. Therefore, database queries may be performed during view rendering. Explicitly configure spring.jpa.open-in-view to disable this warning
2022-10-22 17:22:38.333  INFO 9968 --- [restartedMain] o.s.b.d.a.OptionalLiveReloadServer       : LiveReload server is running on port 35729
2022-10-22 17:22:38.401  INFO 9968 --- [restartedMain] o.s.b.w.embedded.tomcat.TomcatWebServer  : Tomcat started on port(s): 8082 (http) with context path ''
2022-10-22 17:22:38.401  INFO 9968 --- [restartedMain] d.s.w.p.DocumentationPluginsBootstrapper : Context refreshed
2022-10-22 17:22:38.402  INFO 9968 --- [restartedMain] d.s.w.p.DocumentationPluginsBootstrapper : Found 1 custom documentation plugin(s)
2022-10-22 17:22:38.404  INFO 9968 --- [restartedMain] s.d.s.w.s.ApiListingReferenceScanner     : Scanning for api listing references
2022-10-22 17:22:38.462  INFO 9968 --- [restartedMain] c.a.employee.EmployeeProjectApplication  : Started EmployeeProjectApplication in 0.817 seconds (JVM running for 811.409)
2022-10-22 17:22:38.464  INFO 9968 --- [restartedMain] .ConditionEvaluationDeltaLoggingListener : Condition evaluation unchanged
2022-10-22 17:22:58.417  INFO 9968 --- [http-nio-8082-exec-2] o.a.c.c.C.[Tomcat].[localhost].[/]       : Initializing Spring DispatcherServlet 'dispatcherServlet'
2022-10-22 17:22:58.417  INFO 9968 --- [http-nio-8082-exec-2] o.s.web.servlet.DispatcherServlet        : Initializing Servlet 'dispatcherServlet'
2022-10-22 17:22:58.418  INFO 9968 --- [http-nio-8082-exec-2] o.s.web.servlet.DispatcherServlet        : Completed initialization in 1 ms
2022-10-22 17:22:58.420  INFO 9968 --- [http-nio-8082-exec-2] c.a.e.controller.EmployeeController      : getEmpById Called
2022-10-22 17:22:58.423 ERROR 9968 --- [http-nio-8082-exec-2] c.a.e.controller.EmployeeController      : No Data Found
2022-10-22 17:23:18.668  INFO 9968 --- [RMI TCP Connection(17)-127.0.0.1] inMXBeanRegistrar$SpringApplicationAdmin : Application shutdown requested.
2022-10-22 17:23:18.686  INFO 9968 --- [RMI TCP Connection(17)-127.0.0.1] o.apache.catalina.core.StandardService   : Stopping service [Tomcat]
2022-10-22 17:23:18.687  INFO 9968 --- [RMI TCP Connection(17)-127.0.0.1] o.a.c.c.C.[Tomcat].[localhost].[/]       : Destroying Spring FrameworkServlet 'dispatcherServlet'
2022-10-22 17:23:18.692  INFO 9968 --- [RMI TCP Connection(17)-127.0.0.1] j.LocalContainerEntityManagerFactoryBean : Closing JPA EntityManagerFactory for persistence unit 'default'
2022-10-22 17:23:18.896  WARN 9968 --- [RMI TCP Connection(17)-127.0.0.1] o.s.b.f.support.DisposableBeanAdapter    : Invocation of destroy method failed on bean with name 'inMemoryDatabaseShutdownExecutor': org.h2.jdbc.JdbcSQLNonTransientConnectionException: Database is already closed (to disable automatic closing at VM shutdown, add ";DB_CLOSE_ON_EXIT=FALSE" to the db URL) [90121-200]
2022-10-22 17:23:18.896  INFO 9968 --- [RMI TCP Connection(17)-127.0.0.1] com.zaxxer.hikari.HikariDataSource       : Employee - Shutdown initiated...
2022-10-22 17:23:18.946  INFO 9968 --- [RMI TCP Connection(17)-127.0.0.1] com.zaxxer.hikari.HikariDataSource       : Employee - Shutdown completed.
